[05-Sep-2017 03:08:30 UTC] PHP Fatal error:  Call to undefined function MadeiraMadeira\Controllers\validate_required() in /home/ubuntu/workspace/mm/src/Controllers/ContactController.php on line 75
[05-Sep-2017 03:08:30 UTC] PHP Stack trace:
[05-Sep-2017 03:08:30 UTC] PHP   1. {main}() /home/ubuntu/workspace/mm/public/index.php:0
[05-Sep-2017 03:08:30 UTC] PHP   2. MadeiraMadeira\Classes\Bootstrap->start() /home/ubuntu/workspace/mm/public/index.php:47
[05-Sep-2017 03:08:30 UTC] PHP   3. MadeiraMadeira\Classes\Bootstrap->call() /home/ubuntu/workspace/mm/src/Classes/Bootstrap.php:25
[05-Sep-2017 03:08:30 UTC] PHP   4. MadeiraMadeira\Controllers\ContactController->save() /home/ubuntu/workspace/mm/src/Classes/Bootstrap.php:46
[05-Sep-2017 03:08:30 UTC] PHP   5. MadeiraMadeira\Controllers\ContactController->validate() /home/ubuntu/workspace/mm/src/Controllers/ContactController.php:29
[05-Sep-2017 03:10:32 UTC] PHP Fatal error:  Call to undefined function MadeiraMadeira\Controllers\validate_required() in /home/ubuntu/workspace/mm/src/Controllers/ContactController.php on line 75
[05-Sep-2017 03:10:32 UTC] PHP Stack trace:
[05-Sep-2017 03:10:32 UTC] PHP   1. {main}() /home/ubuntu/workspace/mm/public/index.php:0
[05-Sep-2017 03:10:32 UTC] PHP   2. MadeiraMadeira\Classes\Bootstrap->start() /home/ubuntu/workspace/mm/public/index.php:47
[05-Sep-2017 03:10:32 UTC] PHP   3. MadeiraMadeira\Classes\Bootstrap->call() /home/ubuntu/workspace/mm/src/Classes/Bootstrap.php:25
[05-Sep-2017 03:10:32 UTC] PHP   4. MadeiraMadeira\Controllers\ContactController->save() /home/ubuntu/workspace/mm/src/Classes/Bootstrap.php:46
[05-Sep-2017 03:10:32 UTC] PHP   5. MadeiraMadeira\Controllers\ContactController->validate() /home/ubuntu/workspace/mm/src/Controllers/ContactController.php:29
[05-Sep-2017 03:10:38 UTC] PHP Fatal error:  Call to undefined function MadeiraMadeira\Controllers\validate_required() in /home/ubuntu/workspace/mm/src/Controllers/ContactController.php on line 75
[05-Sep-2017 03:10:38 UTC] PHP Stack trace:
[05-Sep-2017 03:10:38 UTC] PHP   1. {main}() /home/ubuntu/workspace/mm/public/index.php:0
[05-Sep-2017 03:10:38 UTC] PHP   2. MadeiraMadeira\Classes\Bootstrap->start() /home/ubuntu/workspace/mm/public/index.php:47
[05-Sep-2017 03:10:38 UTC] PHP   3. MadeiraMadeira\Classes\Bootstrap->call() /home/ubuntu/workspace/mm/src/Classes/Bootstrap.php:25
[05-Sep-2017 03:10:38 UTC] PHP   4. MadeiraMadeira\Controllers\ContactController->save() /home/ubuntu/workspace/mm/src/Classes/Bootstrap.php:46
[05-Sep-2017 03:10:38 UTC] PHP   5. MadeiraMadeira\Controllers\ContactController->validate() /home/ubuntu/workspace/mm/src/Controllers/ContactController.php:29
[05-Sep-2017 03:26:45 UTC] PHP Parse error:  syntax error, unexpected ''email'' (T_CONSTANT_ENCAPSED_STRING) in /home/ubuntu/workspace/mm/src/Controllers/UserController.php on line 54
[05-Sep-2017 03:26:45 UTC] PHP Stack trace:
[05-Sep-2017 03:26:45 UTC] PHP   1. {main}() /home/ubuntu/workspace/mm/public/index.php:0
[05-Sep-2017 03:26:45 UTC] PHP   2. MadeiraMadeira\Classes\Bootstrap->start() /home/ubuntu/workspace/mm/public/index.php:47
[05-Sep-2017 03:26:45 UTC] PHP   3. MadeiraMadeira\Classes\Bootstrap->call() /home/ubuntu/workspace/mm/src/Classes/Bootstrap.php:25
[05-Sep-2017 03:26:45 UTC] PHP   4. class_exists() /home/ubuntu/workspace/mm/src/Classes/Bootstrap.php:34
[05-Sep-2017 03:26:45 UTC] PHP   5. spl_autoload_call() /home/ubuntu/workspace/mm/src/Classes/Bootstrap.php:34
[05-Sep-2017 03:26:45 UTC] PHP   6. Composer\Autoload\ClassLoader->loadClass() /home/ubuntu/workspace/mm/src/Classes/Bootstrap.php:34
[05-Sep-2017 03:26:45 UTC] PHP   7. Composer\Autoload\includeFile() /home/ubuntu/workspace/mm/vendor/composer/ClassLoader.php:322
[05-Sep-2017 03:27:50 UTC] PHP Parse error:  syntax error, unexpected ''email'' (T_CONSTANT_ENCAPSED_STRING) in /home/ubuntu/workspace/mm/src/Controllers/UserController.php on line 54
[05-Sep-2017 03:27:50 UTC] PHP Stack trace:
[05-Sep-2017 03:27:50 UTC] PHP   1. {main}() /home/ubuntu/workspace/mm/public/index.php:0
[05-Sep-2017 03:27:50 UTC] PHP   2. MadeiraMadeira\Classes\Bootstrap->start() /home/ubuntu/workspace/mm/public/index.php:47
[05-Sep-2017 03:27:50 UTC] PHP   3. MadeiraMadeira\Classes\Bootstrap->call() /home/ubuntu/workspace/mm/src/Classes/Bootstrap.php:25
[05-Sep-2017 03:27:50 UTC] PHP   4. class_exists() /home/ubuntu/workspace/mm/src/Classes/Bootstrap.php:34
[05-Sep-2017 03:27:50 UTC] PHP   5. spl_autoload_call() /home/ubuntu/workspace/mm/src/Classes/Bootstrap.php:34
[05-Sep-2017 03:27:50 UTC] PHP   6. Composer\Autoload\ClassLoader->loadClass() /home/ubuntu/workspace/mm/src/Classes/Bootstrap.php:34
[05-Sep-2017 03:27:50 UTC] PHP   7. Composer\Autoload\includeFile() /home/ubuntu/workspace/mm/vendor/composer/ClassLoader.php:322
